[debug] [2021-05-15T18:05:20.237Z] ----------------------------------------------------------------------
[debug] [2021-05-15T18:05:20.241Z] Command:       /usr/bin/node /home/ajithmadhan/.npm-global/bin/firebase init
[debug] [2021-05-15T18:05:20.241Z] CLI Version:   9.10.2
[debug] [2021-05-15T18:05:20.241Z] Platform:      linux
[debug] [2021-05-15T18:05:20.241Z] Node Version:  v12.18.2
[debug] [2021-05-15T18:05:20.242Z] Time:          Sat May 15 2021 23:35:20 GMT+0530 (India Standard Time)
[debug] [2021-05-15T18:05:20.242Z] ----------------------------------------------------------------------
[debug] 
[debug] [2021-05-15T18:05:20.248Z] > command requires scopes: ["email","openid","https://www.googleapis.com/auth/cloudplatformprojects.readonly","https://www.googleapis.com/auth/firebase","https://www.googleapis.com/auth/cloud-platform"]
[debug] [2021-05-15T18:05:20.248Z] > authorizing via signed-in user (ajithmadhan.dev113@gmail.com)
[info] 
     ######## #### ########  ######## ########     ###     ######  ########
     ##        ##  ##     ## ##       ##     ##  ##   ##  ##       ##
     ######    ##  ########  ######   ########  #########  ######  ######
     ##        ##  ##    ##  ##       ##     ## ##     ##       ## ##
     ##       #### ##     ## ######## ########  ##     ##  ######  ########

You're about to initialize a Firebase project in this directory:

  /home/ajithmadhan/Desktop/instagram

[info] 
=== Project Setup
[info] 
[info] First, let's associate this project directory with a Firebase project.
[info] You can create multiple project aliases by running firebase use --add, 
[info] but for now we'll just set up a default project.
[info] 
[debug] [2021-05-15T18:05:30.085Z] >>> [apiv2][query] GET https://firebase.googleapis.com/v1beta1/projects pageSize=100
[debug] [2021-05-15T18:05:30.773Z] <<< [apiv2][status] GET https://firebase.googleapis.com/v1beta1/projects 200
[debug] [2021-05-15T18:05:30.773Z] <<< [apiv2][body] GET https://firebase.googleapis.com/v1beta1/projects [omitted]
[info] i  Using project instagram-clone-9c3fa (Instagram-clone) 
[info] 
=== Hosting Setup
[info] 
[info] Your public directory is the folder (relative to your project directory) that
[info] will contain Hosting assets to be uploaded with firebase deploy. If you
[info] have a build process for your assets, use your build's output directory.
[info] 
[debug] [2021-05-15T18:06:40.292Z] >>> [apiv2][query] GET https://www.gstatic.com/firebasejs/releases.json [none]
[debug] [2021-05-15T18:06:40.426Z] <<< [apiv2][status] GET https://www.gstatic.com/firebasejs/releases.json 200
[debug] [2021-05-15T18:06:40.428Z] <<< [apiv2][body] GET https://www.gstatic.com/firebasejs/releases.json {"current":{"version":"8.6.1","browserURL":"https://www.gstatic.com/firebasejs/8.6.1/firebase.js","packageURL":"https://www.gstatic.com/firebasejs/8.6.1/firebase.tgz"},"live":{"version":"8.6","browserURL":"https://www.gstatic.com/firebasejs/live/8.6/firebase.js","packageURL":"https://www.gstatic.com/firebasejs/live/8.6/firebase.tgz"},"components":{"analytics":"https://www.gstatic.com/firebasejs/8.6.1/firebase-analytics.js","app":"https://www.gstatic.com/firebasejs/8.6.1/firebase-app.js","app-check":"https://www.gstatic.com/firebasejs/8.6.1/firebase-app-check.js","auth":"https://www.gstatic.com/firebasejs/8.6.1/firebase-auth.js","database":"https://www.gstatic.com/firebasejs/8.6.1/firebase-database.js","firestore":"https://www.gstatic.com/firebasejs/8.6.1/firebase-firestore.js","functions":"https://www.gstatic.com/firebasejs/8.6.1/firebase-functions.js","installations":"https://www.gstatic.com/firebasejs/8.6.1/firebase-installations.js","messaging":"https://www.gstatic.com/firebasejs/8.6.1/firebase-messaging.js","storage":"https://www.gstatic.com/firebasejs/8.6.1/firebase-storage.js","performance":"https://www.gstatic.com/firebasejs/8.6.1/firebase-performance.js","remote-config":"https://www.gstatic.com/firebasejs/8.6.1/firebase-remote-config.js","firestore.memory":"https://www.gstatic.com/firebasejs/8.6.1/firebase-firestore.memory.js"}}
[info] ✔  Wrote build/index.html 
[info] 
[info] i  Detected a .git folder at /home/ajithmadhan/Desktop/instagram 
[info] i  Authorizing with GitHub to upload your service account to a GitHub repository's secrets store. 
[info] 
[info] Visit this URL on this device to log in:
[info] https://github.com/login/oauth/authorize?client_id=89cf50f02ac6aaed3484&state=461765223&redirect_uri=http%3A%2F%2Flocalhost%3A9005&scope=read%3Auser%20repo%20public_repo
[info] 
[info] Waiting for authentication...
[debug] [2021-05-15T18:06:56.377Z] >>> HTTP REQUEST POST https://github.com/login/oauth/access_token  
 {"client_id":"89cf50f02ac6aaed3484","client_secret":"3330d14abc895d9a74d5f17cd7a00711fa2c5bf0","code":"6a2af578bebc324891ba","redirect_uri":"http://localhost:9005","state":"461765223"}
[debug] [2021-05-15T18:06:56.797Z] <<< HTTP RESPONSE 200 {"server":"GitHub.com","date":"Sat, 15 May 2021 18:06:56 GMT","content-type":"application/json; charset=utf-8","transfer-encoding":"chunked","vary":"X-PJAX, Accept-Encoding, Accept, X-Requested-With","permissions-policy":"interest-cohort=()","etag":"W/\"5d7cd56757c500362771b79877cbc293\"","cache-control":"max-age=0, private, must-revalidate","strict-transport-security":"max-age=31536000; includeSubdomains; preload","x-frame-options":"deny","x-content-type-options":"nosniff","x-xss-protection":"0","referrer-policy":"origin-when-cross-origin, strict-origin-when-cross-origin","expect-ct":"max-age=2592000, report-uri=\"https://api.github.com/_private/browser/errors\"","content-security-policy":"default-src 'none'; base-uri 'self'; block-all-mixed-content; connect-src 'self' uploads.github.com www.githubstatus.com collector.githubapp.com api.github.com github-cloud.s3.amazonaws.com github-production-repository-file-5c1aeb.s3.amazonaws.com github-production-upload-manifest-file-7fdce7.s3.amazonaws.com github-production-user-asset-6210df.s3.amazonaws.com cdn.optimizely.com logx.optimizely.com/v1/events wss://alive.github.com; font-src github.githubassets.com; form-action 'self' github.com gist.github.com; frame-ancestors 'none'; frame-src render.githubusercontent.com; img-src 'self' data: github.githubassets.com identicons.github.com collector.githubapp.com github-cloud.s3.amazonaws.com secured-user-images.githubusercontent.com/ *.githubusercontent.com; manifest-src 'self'; media-src 'none'; script-src github.githubassets.com; style-src 'unsafe-inline' github.githubassets.com; worker-src github.com/socket-worker-3f088aa2.js gist.github.com/socket-worker-3f088aa2.js","x-github-request-id":"E14C:3642:49C6A1:5117D4:60A00DC0"}
[debug] [2021-05-15T18:06:56.802Z] >>> [apiv2][query] GET https://api.github.com/user [none]
[debug] [2021-05-15T18:06:57.298Z] <<< [apiv2][status] GET https://api.github.com/user 200
[debug] [2021-05-15T18:06:57.299Z] <<< [apiv2][body] GET https://api.github.com/user {"login":"ajithMadhan11","id":63050909,"node_id":"MDQ6VXNlcjYzMDUwOTA5","avatar_url":"https://avatars.githubusercontent.com/u/63050909?v=4","gravatar_id":"","url":"https://api.github.com/users/ajithMadhan11","html_url":"https://github.com/ajithMadhan11","followers_url":"https://api.github.com/users/ajithMadhan11/followers","following_url":"https://api.github.com/users/ajithMadhan11/following{/other_user}","gists_url":"https://api.github.com/users/ajithMadhan11/gists{/gist_id}","starred_url":"https://api.github.com/users/ajithMadhan11/starred{/owner}{/repo}","subscriptions_url":"https://api.github.com/users/ajithMadhan11/subscriptions","organizations_url":"https://api.github.com/users/ajithMadhan11/orgs","repos_url":"https://api.github.com/users/ajithMadhan11/repos","events_url":"https://api.github.com/users/ajithMadhan11/events{/privacy}","received_events_url":"https://api.github.com/users/ajithMadhan11/received_events","type":"User","site_admin":false,"name":"Ajithmadhan","company":null,"blog":"","location":null,"email":null,"hireable":null,"bio":"Being a passionate Programmer!\r\nI love exploring new things around developing!\r\nI love developing apps and js projects.!","twitter_username":null,"public_repos":21,"public_gists":0,"followers":0,"following":0,"created_at":"2020-04-02T11:48:14Z","updated_at":"2021-05-15T18:06:55Z","private_gists":0,"total_private_repos":2,"owned_private_repos":2,"disk_usage":21141,"collaborators":1,"two_factor_authentication":false,"plan":{"name":"pro","space":976562499,"collaborators":0,"private_repos":9999}}
[info] 
[info] ✔  Success! Logged into GitHub as ajithMadhan11 
[info] 
